TN:
SF:/home/circleci/project/react-native-fast-image-example-server/pictures/jellyfish.gif
FNF:0
FNH:0
DA:1,1
LF:1
LH:1
BRF:0
BRH:0
end_of_record
TN:
SF:/home/circleci/project/src/index.js
FN:14,FastImageBase
FN:69,(anonymous_1)
FN:106,(anonymous_2)
FNF:3
FNH:2
FNDA:3,FastImageBase
FNDA:3,(anonymous_1)
FNDA:0,(anonymous_2)
DA:12,1
DA:28,3
DA:30,3
DA:31,1
DA:49,2
DA:67,1
DA:69,1
DA:70,3
DA:73,1
DA:75,1
DA:81,1
DA:88,1
DA:97,1
DA:106,1
DA:107,0
DA:110,1
DA:114,1
DA:121,1
DA:133,1
LF:19
LH:18
BRDA:30,0,0,1
BRDA:30,0,1,2
BRF:2
BRH:2
end_of_record
